[2025-04-17 08:29:31] Form processing started
[2025-04-17 08:29:31] Configuration loaded
[2025-04-17 08:29:31] Form submitted via POST
[2025-04-17 08:29:31] Form data received - Name: nana, Email: ahah@gmail.com, Subject: hahah
[2025-04-17 08:29:31] Form validation passed
[2025-04-17 08:29:31] Database connection failed: SQLSTATE[HY000] [1049] Unknown database 'explore_maps'
[2025-04-17 08:29:31] Setting up PHPMailer
[2025-04-17 08:29:31] SMTP settings configured
[2025-04-17 08:29:31] Email recipients configured
[2025-04-17 08:29:31] Email content prepared, attempting to send
[2025-04-17 08:29:41] Email sent successfully
[2025-04-17 08:35:09] Form processing started
[2025-04-17 08:35:09] Configuration loaded
[2025-04-17 08:35:09] Form submitted via POST
[2025-04-17 08:35:09] Form data received - Name: Edsil Derpo Grefalda, Email: pogiderpo@gmail.com, Subject: jdhdhd
[2025-04-17 08:35:09] Form validation passed
[2025-04-17 08:35:09] Database connection failed: SQLSTATE[HY000] [1049] Unknown database 'explore_maps'
[2025-04-17 08:35:09] Setting up PHPMailer
[2025-04-17 08:35:09] SMTP settings configured
[2025-04-17 08:35:09] Email recipients configured
[2025-04-17 08:35:09] Email content prepared, attempting to send
[2025-04-17 08:35:15] Email sent successfully
[2025-04-17 08:47:40] Form processing started
[2025-04-17 08:47:40] Configuration loaded
[2025-04-17 08:47:40] Form submitted via POST
[2025-04-17 08:47:40] Form data received - Name: edas, Email: edsi@gmail.com, Subject: haha
[2025-04-17 08:47:40] Form validation passed
[2025-04-17 08:47:40] Database connection failed: SQLSTATE[HY000] [1049] Unknown database 'explore_maps'
[2025-04-17 08:47:40] Setting up PHPMailer
[2025-04-17 08:47:40] SMTP settings configured
[2025-04-17 08:47:40] Email recipients configured
[2025-04-17 08:47:40] Email content prepared, attempting to send
[2025-04-17 08:47:44] Email sent successfully
[2025-04-17 09:05:05] Form processing started
[2025-04-17 09:05:05] Configuration loaded successfully
[2025-04-17 09:05:05] Form submitted via POST
[2025-04-17 09:05:05] Form data received - Name: Edsil Derpo, Email: pogiderpo@gmail.com, Subject: HAHA
[2025-04-17 09:05:05] Form validation passed
[2025-04-17 09:05:05] Database connection failed: SQLSTATE[HY000] [1049] Unknown database 'explore_maps'
[2025-04-17 09:05:05] Database connection not available - skipping database save
[2025-04-17 09:05:05] Setting up PHPMailer
[2025-04-17 09:05:05] SMTP settings configured
[2025-04-17 09:05:05] Email recipients configured
[2025-04-17 09:05:05] Email content prepared, attempting to send
[2025-04-17 09:05:09] Email sent successfully
[2025-04-17 09:10:34] Form processing started
[2025-04-17 09:10:34] Configuration loaded successfully
[2025-04-17 09:10:34] Form submitted via POST
[2025-04-17 09:10:34] Form data received - Name: HAHAHA, Email: chealdejsus@gmail.com, Subject: hahah
[2025-04-17 09:10:34] Form validation passed
[2025-04-17 09:10:34] Database connection failed: SQLSTATE[HY000] [1049] Unknown database 'explore_maps'
[2025-04-17 09:10:34] Database connection not available - skipping database save
[2025-04-17 09:10:34] Setting up PHPMailer
[2025-04-17 09:10:34] SMTP settings configured
[2025-04-17 09:10:34] Email recipients configured
[2025-04-17 09:10:34] Email content prepared, attempting to send
[2025-04-17 09:10:38] Email sent successfully
[2025-04-17 09:19:21] Form processing started
[2025-04-17 09:19:21] Configuration loaded successfully
[2025-04-17 09:19:21] Form submitted via POST
[2025-04-17 09:19:21] Form data received - Name: Edsil Derpo Grefalda, Email: pogiderpo@gmail.com, Subject: diwow
[2025-04-17 09:19:21] Form validation passed
[2025-04-17 09:19:21] Database connection failed: SQLSTATE[HY000] [1049] Unknown database 'explore_maps'
[2025-04-17 09:19:21] Database connection not available - skipping database save
[2025-04-17 09:19:21] Setting up PHPMailer
[2025-04-17 09:19:21] SMTP settings configured
[2025-04-17 09:19:21] Email recipients configured
[2025-04-17 09:19:21] Email content prepared, attempting to send
[2025-04-17 09:19:25] Email sent successfully
[2025-04-17 09:26:01] Form processing started
[2025-04-17 09:26:01] Configuration loaded successfully
[2025-04-17 09:26:01] Form submitted via POST
[2025-04-17 09:26:01] Form data received - Name: Edsu Derpo, Email: pogiderpo@gmail.com, Subject: haha
[2025-04-17 09:26:01] Form validation passed
[2025-04-17 09:26:01] Database connection failed: SQLSTATE[HY000] [1049] Unknown database 'explore_maps'
[2025-04-17 09:26:01] Database connection not available - skipping database save
[2025-04-17 09:26:01] Setting up PHPMailer
[2025-04-17 09:26:01] SMTP settings configured
[2025-04-17 09:26:01] Exception occurred: Invalid address:  (From): e7870@
[2025-04-17 09:26:11] Form processing started
[2025-04-17 09:26:11] Configuration loaded successfully
[2025-04-17 09:26:11] Form not submitted via POST
[2025-04-17 09:29:25] Form processing started
[2025-04-17 09:29:25] Configuration loaded successfully
[2025-04-17 09:29:25] Form submitted via POST
[2025-04-17 09:29:25] Form data received - Name: Edsu Derpo, Email: pogiderpo@gmail.com, Subject: haha
[2025-04-17 09:29:25] Form validation passed
[2025-04-17 09:29:25] Database connection failed: SQLSTATE[HY000] [1049] Unknown database 'explore_maps'
[2025-04-17 09:29:25] Database connection not available - skipping database save
[2025-04-17 09:29:25] Setting up PHPMailer
[2025-04-17 09:29:25] SMTP settings configured
[2025-04-17 09:29:25] Email recipients configured
[2025-04-17 09:29:25] Email content prepared, attempting to send
[2025-04-17 09:29:30] Email sent successfully
[2025-04-17 09:30:42] Form processing started
[2025-04-17 09:30:42] Configuration loaded successfully
[2025-04-17 09:30:42] Form submitted via POST
[2025-04-17 09:30:42] Form data received - Name: ako na to, Email: edsiljeremias@gmail.com, Subject: hah
[2025-04-17 09:30:42] Form validation passed
[2025-04-17 09:30:42] Database connection failed: SQLSTATE[HY000] [1049] Unknown database 'explore_maps'
[2025-04-17 09:30:42] Database connection not available - skipping database save
[2025-04-17 09:30:42] Setting up PHPMailer
[2025-04-17 09:30:42] SMTP settings configured
[2025-04-17 09:30:42] Email recipients configured
[2025-04-17 09:30:42] Email content prepared, attempting to send
[2025-04-17 09:30:46] Email sent successfully
